[19Dec2024 22:14:33.920] [main/INFO] [cpw.mods.modlauncher.Launcher/MODLAUNCHER]: ModLauncher running: args [--launchTarget, forgeserver, --fml.forgeVersion, 47.1.46, --fml.mcVersion, 1.20.1, --fml.forgeGroup, net.minecraftforge, --fml.mcpVersion, 20230612.114412]
[19Dec2024 22:14:33.923] [main/INFO] [cpw.mods.modlauncher.Launcher/MODLAUNCHER]: ModLauncher 10.0.9+10.0.9+main.dcd20f30 starting: java version 17.0.13 by Oracle Corporation; OS Windows 11 arch amd64 version 10.0
[19Dec2024 22:14:35.724] [main/INFO] [net.minecraftforge.fml.loading.ImmediateWindowHandler/]: ImmediateWindowProvider not loading because launch target is forgeserver
[19Dec2024 22:14:35.732] [main/INFO] [gg.essential.container.loader.stage0.EssentialLoader/]: Updating stage1 to version 9 from union:/C:/Users/alano/Documents/myserverj/mods/essential_1-3-5-5_forge_1-20-1.jar%23383!/gg/essential/loader/stage0/stage1.jar
[19Dec2024 22:14:35.739] [main/INFO] [gg.essential.loader.stage1.EssentialLoaderBase/]: Updating Essential Loader (stage2) version 1.6.3 (285f951adc7537f49ae3ef9fc0d2fd3e) from union:/C:/Users/alano/Documents/myserverj/mods/essential_1-3-5-5_forge_1-20-1.jar%23383!/essential-loader-stage2-modlauncher9-1.6.3.jar
[19Dec2024 22:14:35.762] [main/FATAL] [cpw.mods.modlauncher.TransformationServicesHandler/MODLAUNCHER]: Encountered serious error loading transformation service, expect problems
java.util.ServiceConfigurationError: cpw.mods.modlauncher.api.ITransformationService: Provider gg.essential.container.loader.stage0.EssentialTransformationService could not be instantiated
	at java.util.ServiceLoader.fail(ServiceLoader.java:586) ~[?:?]
	at java.util.ServiceLoader$ProviderImpl.newInstance(ServiceLoader.java:813) ~[?:?]
	at java.util.ServiceLoader$ProviderImpl.get(ServiceLoader.java:729) ~[?:?]
	at cpw.mods.modlauncher.util.ServiceLoaderUtils.lambda$streamWithErrorHandling$0(ServiceLoaderUtils.java:39) ~[modlauncher-10.0.9.jar%2355!/:?]
	at java.util.stream.ReferencePipeline$3$1.accept(ReferencePipeline.java:197) ~[?:?]
	at java.util.ServiceLoader$ProviderSpliterator.tryAdvance(ServiceLoader.java:1499) ~[?:?]
	at java.util.Spliterator.forEachRemaining(Spliterator.java:332) ~[?:?]
	at java.util.stream.AbstractPipeline.copyInto(AbstractPipeline.java:509) ~[?:?]
	at java.util.stream.AbstractPipeline.wrapAndCopyInto(AbstractPipeline.java:499) ~[?:?]
	at java.util.stream.ReduceOps$ReduceOp.evaluateSequential(ReduceOps.java:921) ~[?:?]
	at java.util.stream.AbstractPipeline.evaluate(AbstractPipeline.java:234) ~[?:?]
	at java.util.stream.ReferencePipeline.collect(ReferencePipeline.java:682) ~[?:?]
	at cpw.mods.modlauncher.TransformationServicesHandler.discoverServices(TransformationServicesHandler.java:133) ~[modlauncher-10.0.9.jar%2355!/:?]
	at cpw.mods.modlauncher.Launcher.run(Launcher.java:87) ~[modlauncher-10.0.9.jar%2355!/:?]
	at cpw.mods.modlauncher.Launcher.main(Launcher.java:78) ~[modlauncher-10.0.9.jar%2355!/:?]
	at cpw.mods.modlauncher.BootstrapLaunchConsumer.accept(BootstrapLaunchConsumer.java:26) ~[modlauncher-10.0.9.jar%2355!/:?]
	at cpw.mods.modlauncher.BootstrapLaunchConsumer.accept(BootstrapLaunchConsumer.java:23) ~[modlauncher-10.0.9.jar%2355!/:?]
	at cpw.mods.bootstraplauncher.BootstrapLauncher.main(BootstrapLauncher.java:141) ~[bootstraplauncher-1.1.2.jar:?]
Caused by: java.lang.RuntimeException: java.lang.reflect.InvocationTargetException
	at gg.essential.container.loader.stage0.EssentialTransformationServiceBase.loadStage1OrThrow(EssentialTransformationServiceBase.java:27) ~[?:?]
	at gg.essential.container.loader.stage0.EssentialTransformationServiceBase.lambda$new$0(EssentialTransformationServiceBase.java:20) ~[?:?]
	at gg.essential.container.loader.stage0.util.DelegatingTransformationServiceBase.<init>(DelegatingTransformationServiceBase.java:13) ~[?:?]
	at gg.essential.container.loader.stage0.EssentialTransformationServiceBase.<init>(EssentialTransformationServiceBase.java:20) ~[?:?]
	at gg.essential.container.loader.stage0.EssentialTransformationService.<init>(EssentialTransformationService.java:7) ~[?:?]
	at jdk.internal.reflect.NativeConstructorAccessorImpl.newInstance0(Native Method) ~[?:?]
	at jdk.internal.reflect.NativeConstructorAccessorImpl.newInstance(NativeConstructorAccessorImpl.java:77) ~[?:?]
	at jdk.internal.reflect.DelegatingConstructorAccessorImpl.newInstance(DelegatingConstructorAccessorImpl.java:45) ~[?:?]
	at java.lang.reflect.Constructor.newInstanceWithCaller(Constructor.java:499) ~[?:?]
	at java.lang.reflect.Constructor.newInstance(Constructor.java:480) ~[?:?]
	at java.util.ServiceLoader$ProviderImpl.newInstance(ServiceLoader.java:789) ~[?:?]
	... 16 more
Caused by: java.lang.reflect.InvocationTargetException
	at jdk.internal.reflect.NativeConstructorAccessorImpl.newInstance0(Native Method) ~[?:?]
	at jdk.internal.reflect.NativeConstructorAccessorImpl.newInstance(NativeConstructorAccessorImpl.java:77) ~[?:?]
	at jdk.internal.reflect.DelegatingConstructorAccessorImpl.newInstance(DelegatingConstructorAccessorImpl.java:45) ~[?:?]
	at java.lang.reflect.Constructor.newInstanceWithCaller(Constructor.java:499) ~[?:?]
	at java.lang.reflect.Constructor.newInstance(Constructor.java:480) ~[?:?]
	at gg.essential.container.loader.stage0.EssentialTransformationServiceBase.loadStage1(EssentialTransformationServiceBase.java:47) ~[?:?]
	at gg.essential.container.loader.stage0.EssentialTransformationServiceBase.loadStage1OrThrow(EssentialTransformationServiceBase.java:25) ~[?:?]
	at gg.essential.container.loader.stage0.EssentialTransformationServiceBase.lambda$new$0(EssentialTransformationServiceBase.java:20) ~[?:?]
	at gg.essential.container.loader.stage0.util.DelegatingTransformationServiceBase.<init>(DelegatingTransformationServiceBase.java:13) ~[?:?]
	at gg.essential.container.loader.stage0.EssentialTransformationServiceBase.<init>(EssentialTransformationServiceBase.java:20) ~[?:?]
	at gg.essential.container.loader.stage0.EssentialTransformationService.<init>(EssentialTransformationService.java:7) ~[?:?]
	at jdk.internal.reflect.NativeConstructorAccessorImpl.newInstance0(Native Method) ~[?:?]
	at jdk.internal.reflect.NativeConstructorAccessorImpl.newInstance(NativeConstructorAccessorImpl.java:77) ~[?:?]
	at jdk.internal.reflect.DelegatingConstructorAccessorImpl.newInstance(DelegatingConstructorAccessorImpl.java:45) ~[?:?]
	at java.lang.reflect.Constructor.newInstanceWithCaller(Constructor.java:499) ~[?:?]
	at java.lang.reflect.Constructor.newInstance(Constructor.java:480) ~[?:?]
	at java.util.ServiceLoader$ProviderImpl.newInstance(ServiceLoader.java:789) ~[?:?]
	... 16 more
Caused by: java.lang.NoClassDefFoundError: org/apache/commons/codec/digest/DigestUtils
	at gg.essential.loader.stage1.EssentialLoaderBase.getChecksum(EssentialLoaderBase.java:356) ~[?:?]
	at gg.essential.loader.stage1.EssentialLoaderBase.downloadFile(EssentialLoaderBase.java:473) ~[?:?]
	at gg.essential.loader.stage1.EssentialLoaderBase.doDownload(EssentialLoaderBase.java:326) ~[?:?]
	at gg.essential.loader.stage1.EssentialLoaderBase.load(EssentialLoaderBase.java:176) ~[?:?]
	at gg.essential.loader.stage1.EssentialTransformationServiceBase.<init>(EssentialTransformationServiceBase.java:46) ~[?:?]
	at gg.essential.loader.stage1.EssentialTransformationService.<init>(EssentialTransformationService.java:29) ~[?:?]
	at jdk.internal.reflect.NativeConstructorAccessorImpl.newInstance0(Native Method) ~[?:?]
	at jdk.internal.reflect.NativeConstructorAccessorImpl.newInstance(NativeConstructorAccessorImpl.java:77) ~[?:?]
	at jdk.internal.reflect.DelegatingConstructorAccessorImpl.newInstance(DelegatingConstructorAccessorImpl.java:45) ~[?:?]
	at java.lang.reflect.Constructor.newInstanceWithCaller(Constructor.java:499) ~[?:?]
	at java.lang.reflect.Constructor.newInstance(Constructor.java:480) ~[?:?]
	at gg.essential.container.loader.stage0.EssentialTransformationServiceBase.loadStage1(EssentialTransformationServiceBase.java:47) ~[?:?]
	at gg.essential.container.loader.stage0.EssentialTransformationServiceBase.loadStage1OrThrow(EssentialTransformationServiceBase.java:25) ~[?:?]
	at gg.essential.container.loader.stage0.EssentialTransformationServiceBase.lambda$new$0(EssentialTransformationServiceBase.java:20) ~[?:?]
	at gg.essential.container.loader.stage0.util.DelegatingTransformationServiceBase.<init>(DelegatingTransformationServiceBase.java:13) ~[?:?]
	at gg.essential.container.loader.stage0.EssentialTransformationServiceBase.<init>(EssentialTransformationServiceBase.java:20) ~[?:?]
	at gg.essential.container.loader.stage0.EssentialTransformationService.<init>(EssentialTransformationService.java:7) ~[?:?]
	at jdk.internal.reflect.NativeConstructorAccessorImpl.newInstance0(Native Method) ~[?:?]
	at jdk.internal.reflect.NativeConstructorAccessorImpl.newInstance(NativeConstructorAccessorImpl.java:77) ~[?:?]
	at jdk.internal.reflect.DelegatingConstructorAccessorImpl.newInstance(DelegatingConstructorAccessorImpl.java:45) ~[?:?]
	at java.lang.reflect.Constructor.newInstanceWithCaller(Constructor.java:499) ~[?:?]
	at java.lang.reflect.Constructor.newInstance(Constructor.java:480) ~[?:?]
	at java.util.ServiceLoader$ProviderImpl.newInstance(ServiceLoader.java:789) ~[?:?]
	... 16 more
Caused by: java.lang.ClassNotFoundException: org.apache.commons.codec.digest.DigestUtils
	at java.net.URLClassLoader.findClass(URLClassLoader.java:445) ~[?:?]
	at java.lang.ClassLoader.loadClass(ClassLoader.java:592) ~[?:?]
	at java.lang.ClassLoader.loadClass(ClassLoader.java:525) ~[?:?]
	at gg.essential.loader.stage1.EssentialLoaderBase.getChecksum(EssentialLoaderBase.java:356) ~[?:?]
	at gg.essential.loader.stage1.EssentialLoaderBase.downloadFile(EssentialLoaderBase.java:473) ~[?:?]
	at gg.essential.loader.stage1.EssentialLoaderBase.doDownload(EssentialLoaderBase.java:326) ~[?:?]
	at gg.essential.loader.stage1.EssentialLoaderBase.load(EssentialLoaderBase.java:176) ~[?:?]
	at gg.essential.loader.stage1.EssentialTransformationServiceBase.<init>(EssentialTransformationServiceBase.java:46) ~[?:?]
	at gg.essential.loader.stage1.EssentialTransformationService.<init>(EssentialTransformationService.java:29) ~[?:?]
	at jdk.internal.reflect.NativeConstructorAccessorImpl.newInstance0(Native Method) ~[?:?]
	at jdk.internal.reflect.NativeConstructorAccessorImpl.newInstance(NativeConstructorAccessorImpl.java:77) ~[?:?]
	at jdk.internal.reflect.DelegatingConstructorAccessorImpl.newInstance(DelegatingConstructorAccessorImpl.java:45) ~[?:?]
	at java.lang.reflect.Constructor.newInstanceWithCaller(Constructor.java:499) ~[?:?]
	at java.lang.reflect.Constructor.newInstance(Constructor.java:480) ~[?:?]
	at gg.essential.container.loader.stage0.EssentialTransformationServiceBase.loadStage1(EssentialTransformationServiceBase.java:47) ~[?:?]
	at gg.essential.container.loader.stage0.EssentialTransformationServiceBase.loadStage1OrThrow(EssentialTransformationServiceBase.java:25) ~[?:?]
	at gg.essential.container.loader.stage0.EssentialTransformationServiceBase.lambda$new$0(EssentialTransformationServiceBase.java:20) ~[?:?]
	at gg.essential.container.loader.stage0.util.DelegatingTransformationServiceBase.<init>(DelegatingTransformationServiceBase.java:13) ~[?:?]
	at gg.essential.container.loader.stage0.EssentialTransformationServiceBase.<init>(EssentialTransformationServiceBase.java:20) ~[?:?]
	at gg.essential.container.loader.stage0.EssentialTransformationService.<init>(EssentialTransformationService.java:7) ~[?:?]
	at jdk.internal.reflect.NativeConstructorAccessorImpl.newInstance0(Native Method) ~[?:?]
	at jdk.internal.reflect.NativeConstructorAccessorImpl.newInstance(NativeConstructorAccessorImpl.java:77) ~[?:?]
	at jdk.internal.reflect.DelegatingConstructorAccessorImpl.newInstance(DelegatingConstructorAccessorImpl.java:45) ~[?:?]
	at java.lang.reflect.Constructor.newInstanceWithCaller(Constructor.java:499) ~[?:?]
	at java.lang.reflect.Constructor.newInstance(Constructor.java:480) ~[?:?]
	at java.util.ServiceLoader$ProviderImpl.newInstance(ServiceLoader.java:789) ~[?:?]
	... 16 more
[19Dec2024 22:14:35.800] [main/INFO] [mixin/]: SpongePowered MIXIN Subsystem Version=0.8.5 Source=union:/C:/Users/alano/Documents/myserverj/libraries/org/spongepowered/mixin/0.8.5/mixin-0.8.5.jar%2365!/ Service=ModLauncher Env=SERVER
[19Dec2024 22:14:36.328] [main/WARN] [net.minecraftforge.fml.loading.moddiscovery.ModFileParser/LOADING]: Mod file C:\Users\alano\Documents\myserverj\libraries\net\minecraftforge\fmlcore\1.20.1-47.1.46\fmlcore-1.20.1-47.1.46.jar is missing mods.toml file
[19Dec2024 22:14:36.330] [main/WARN] [net.minecraftforge.fml.loading.moddiscovery.ModFileParser/LOADING]: Mod file C:\Users\alano\Documents\myserverj\libraries\net\minecraftforge\javafmllanguage\1.20.1-47.1.46\javafmllanguage-1.20.1-47.1.46.jar is missing mods.toml file
[19Dec2024 22:14:36.332] [main/WARN] [net.minecraftforge.fml.loading.moddiscovery.ModFileParser/LOADING]: Mod file C:\Users\alano\Documents\myserverj\libraries\net\minecraftforge\lowcodelanguage\1.20.1-47.1.46\lowcodelanguage-1.20.1-47.1.46.jar is missing mods.toml file
[19Dec2024 22:14:36.333] [main/WARN] [net.minecraftforge.fml.loading.moddiscovery.ModFileParser/LOADING]: Mod file C:\Users\alano\Documents\myserverj\libraries\net\minecraftforge\mclanguage\1.20.1-47.1.46\mclanguage-1.20.1-47.1.46.jar is missing mods.toml file
[19Dec2024 22:14:36.620] [main/WARN] [net.minecraftforge.jarjar.selection.JarSelector/]: Attempted to select two dependency jars from JarJar which have the same identification: Mod File:  and Mod File: . Using Mod File: 
[19Dec2024 22:14:36.622] [main/WARN] [net.minecraftforge.jarjar.selection.JarSelector/]: Attempted to select a dependency jar for JarJar which was passed in as source: geckolib. Using Mod File: C:\Users\alano\Documents\myserverj\mods\geckolib-forge-1.20.1-4.4.9.jar
[19Dec2024 22:14:36.622] [main/WARN] [net.minecraftforge.jarjar.selection.JarSelector/]: Attempted to select a dependency jar for JarJar which was passed in as source: curios. Using Mod File: C:\Users\alano\Documents\myserverj\mods\curios-forge-5.11.0+1.20.1.jar
[19Dec2024 22:14:36.622] [main/INFO] [net.minecraftforge.fml.loading.moddiscovery.JarInJarDependencyLocator/]: Found 31 dependencies adding them to mods collection
[19Dec2024 22:14:39.598] [main/INFO] [mixin/]: Compatibility level set to JAVA_17
[19Dec2024 22:14:39.782] [main/INFO] [mixin/]: Successfully loaded Mixin Connector [com.sonicether.soundphysics.MixinConnector]
[19Dec2024 22:14:39.783] [main/INFO] [mixin/]: Successfully loaded Mixin Connector [ca.spottedleaf.starlight.mixin.MixinConnector]
[19Dec2024 22:14:39.785] [main/INFO] [cpw.mods.modlauncher.LaunchServiceHandler/MODLAUNCHER]: Launching target 'forgeserver' with arguments []
[19Dec2024 22:14:39.815] [main/INFO] [Rubidium/]: Loaded configuration file for Rubidium: 31 options available, 3 override(s) found
[19Dec2024 22:14:39.858] [main/INFO] [ModernFix/]: Loaded configuration file for ModernFix 5.8.1+mc1.20.1: 67 options available, 0 override(s) found
[19Dec2024 22:14:39.858] [main/INFO] [ModernFix/]: Applying Nashorn fix
[19Dec2024 22:14:39.867] [main/INFO] [ModernFix/]: Applied Forge config corruption patch
[19Dec2024 22:14:39.879] [main/WARN] [mixin/]: Reference map 'morevillagers-forge-forge-refmap.json' for morevillagers.mixins.json could not be read. If this is a development environment you can ignore this message
[19Dec2024 22:14:39.891] [main/WARN] [mixin/]: Reference map 'yungsextras.refmap.json' for yungsextras.mixins.json could not be read. If this is a development environment you can ignore this message
[19Dec2024 22:14:39.892] [main/WARN] [mixin/]: Reference map 'yungsextras.refmap.json' for yungsextras_forge.mixins.json could not be read. If this is a development environment you can ignore this message
[19Dec2024 22:14:39.894] [main/WARN] [mixin/]: Reference map 'nitrogen_internals.refmap.json' for nitrogen_internals.mixins.json could not be read. If this is a development environment you can ignore this message
[19Dec2024 22:14:39.913] [main/INFO] [Radium Config/]: Loaded configuration file for Radium: 126 options available, 1 override(s) found
[19Dec2024 22:14:39.965] [main/WARN] [mixin/]: Reference map 'logprot.refmap.json' for logprot.mixins.json could not be read. If this is a development environment you can ignore this message
[19Dec2024 22:14:39.971] [main/WARN] [mixin/]: Reference map '${refmap_target}refmap.json' for corgilib.forge.mixins.json could not be read. If this is a development environment you can ignore this message
[19Dec2024 22:14:39.974] [main/WARN] [mixin/]: Reference map 'minecolonies_letsdo.mixin.refmap.json' for minecolonies_letsdo.mixin.common.json could not be read. If this is a development environment you can ignore this message
[19Dec2024 22:14:39.974] [main/WARN] [mixin/]: Reference map 'minecolonies_letsdo.mixin.refmap.json' for minecolonies_letsdo.mixin.client.json could not be read. If this is a development environment you can ignore this message
[19Dec2024 22:14:39.997] [main/WARN] [mixin/]: Reference map 'wwoo-forge-refmap.json' for wwoo.mixins.json could not be read. If this is a development environment you can ignore this message
[19Dec2024 22:14:39.999] [main/WARN] [mixin/]: Reference map 'cristellib-forge-refmap.json' for cristellib.mixins.json could not be read. If this is a development environment you can ignore this message
[19Dec2024 22:14:40.015] [main/INFO] [fpsreducer/]: OptiFine was NOT detected.
[19Dec2024 22:14:40.017] [main/INFO] [fpsreducer/]: OptiFabric was NOT detected.
[19Dec2024 22:14:40.028] [main/WARN] [mixin/]: Reference map 'polylib-forge-refmap.json' for polylib-forge.mixins.json could not be read. If this is a development environment you can ignore this message
[19Dec2024 22:14:40.030] [main/WARN] [mixin/]: Reference map 'trashslot.refmap.json' for trashslot.mixins.json could not be read. If this is a development environment you can ignore this message
[19Dec2024 22:14:40.031] [main/WARN] [mixin/]: Reference map 'octolib.refmap.json' for octolib.mixins.json could not be read. If this is a development environment you can ignore this message
[19Dec2024 22:14:40.042] [main/WARN] [mixin/]: Reference map 'modonomicon.refmap.json' for modonomicon.mixins.json could not be read. If this is a development environment you can ignore this message
[19Dec2024 22:14:40.043] [main/WARN] [mixin/]: Reference map 'modonomicon.refmap.json' for modonomicon.forge.mixins.json could not be read. If this is a development environment you can ignore this message
[19Dec2024 22:14:40.057] [main/WARN] [mixin/]: Reference map 'apexcore.refmap.json' for apexcore.mixins.json could not be read. If this is a development environment you can ignore this message
[19Dec2024 22:14:40.268] [main/INFO] [net.minecraftforge.coremod.CoreMod.placebo/COREMODLOG]: Patching IForgeItemStack#getEnchantmentLevel
[19Dec2024 22:14:40.271] [main/INFO] [net.minecraftforge.coremod.CoreMod.placebo/COREMODLOG]: Patching IForgeItemStack#getEnchantmentLevel
[19Dec2024 22:14:40.663] [main/ERROR] [net.minecraftforge.fml.loading.RuntimeDistCleaner/DISTXFORM]: Attempted to load class net/minecraft/client/Minecraft for invalid dist DEDICATED_SERVER
[19Dec2024 22:14:40.663] [main/WARN] [mixin/]: Error loading class: net/minecraft/client/Minecraft (java.lang.RuntimeException: Attempted to load class net/minecraft/client/Minecraft for invalid dist DEDICATED_SERVER)
[19Dec2024 22:14:40.664] [main/WARN] [mixin/]: @Mixin target net.minecraft.client.Minecraft was not found modernfix-common.mixins.json:bugfix.world_leaks.MinecraftMixin
[19Dec2024 22:14:40.666] [main/ERROR] [net.minecraftforge.fml.loading.RuntimeDistCleaner/DISTXFORM]: Attempted to load class com/mojang/blaze3d/vertex/BufferBuilder for invalid dist DEDICATED_SERVER
[19Dec2024 22:14:40.666] [main/WARN] [mixin/]: Error loading class: com/mojang/blaze3d/vertex/BufferBuilder (java.lang.RuntimeException: Attempted to load class com/mojang/blaze3d/vertex/BufferBuilder for invalid dist DEDICATED_SERVER)
[19Dec2024 22:14:40.666] [main/WARN] [mixin/]: @Mixin target com.mojang.blaze3d.vertex.BufferBuilder was not found modernfix-common.mixins.json:bugfix.buffer_builder_leak.BufferBuilderMixin
[19Dec2024 22:14:40.676] [main/ERROR] [net.minecraftforge.fml.loading.RuntimeDistCleaner/DISTXFORM]: Attempted to load class net/minecraft/client/gui/screens/worldselection/WorldSelectionList$WorldListEntry for invalid dist DEDICATED_SERVER
[19Dec2024 22:14:40.676] [main/WARN] [mixin/]: Error loading class: net/minecraft/client/gui/screens/worldselection/WorldSelectionList$WorldListEntry (java.lang.RuntimeException: Attempted to load class net/minecraft/client/gui/screens/worldselection/WorldSelectionList$WorldListEntry for invalid dist DEDICATED_SERVER)
[19Dec2024 22:14:40.676] [main/WARN] [mixin/]: @Mixin target net.minecraft.client.gui.screens.worldselection.WorldSelectionList$WorldListEntry was not found modernfix-common.mixins.json:bugfix.world_screen_skipped.WorldSelectionListMixin
[19Dec2024 22:14:40.703] [main/ERROR] [net.minecraftforge.fml.loading.RuntimeDistCleaner/DISTXFORM]: Attempted to load class net/minecraft/client/gui/screens/worldselection/CreateWorldScreen for invalid dist DEDICATED_SERVER
[19Dec2024 22:14:40.704] [main/WARN] [mixin/]: Error loading class: net/minecraft/client/gui/screens/worldselection/CreateWorldScreen (java.lang.RuntimeException: Attempted to load class net/minecraft/client/gui/screens/worldselection/CreateWorldScreen for invalid dist DEDICATED_SERVER)
[19Dec2024 22:14:40.704] [main/WARN] [mixin/]: @Mixin target net.minecraft.client.gui.screens.worldselection.CreateWorldScreen was not found modernfix-forge.mixins.json:bugfix.extra_experimental_screen.CreateWorldScreenMixin
[19Dec2024 22:14:40.909] [main/WARN] [Radium Config/]: Force-disabling mixin 'alloc.blockstate.StateMixin' as option 'mixin.alloc.blockstate' (added by mods [ferritecore]) disables it and children
[19Dec2024 22:14:41.093] [main/WARN] [mixin/]: Error loading class: xfacthd/framedblocks/common/blockentity/doubled/FramedAdjustableDoubleBlockEntity (java.lang.ClassNotFoundException: xfacthd.framedblocks.common.blockentity.doubled.FramedAdjustableDoubleBlockEntity)
[19Dec2024 22:14:41.093] [main/WARN] [mixin/]: @Mixin target xfacthd.framedblocks.common.blockentity.doubled.FramedAdjustableDoubleBlockEntity was not found createbigcannons.mixins.json:compat.FramedAdjustableDoubleBlockEntityAccessor
[19Dec2024 22:14:41.294] [main/ERROR] [net.minecraftforge.fml.loading.RuntimeDistCleaner/DISTXFORM]: Attempted to load class com/minecolonies/core/compatibility/jei/GenericRecipeCategory for invalid dist DEDICATED_SERVER
[19Dec2024 22:14:41.294] [main/WARN] [mixin/]: Error loading class: com/minecolonies/core/compatibility/jei/GenericRecipeCategory (java.lang.RuntimeException: Attempted to load class com/minecolonies/core/compatibility/jei/GenericRecipeCategory for invalid dist DEDICATED_SERVER)
[19Dec2024 22:14:41.294] [main/WARN] [mixin/]: @Mixin target com.minecolonies.core.compatibility.jei.GenericRecipeCategory was not found minecolonies_compatibility.mixin.common.json:minecolonies.GenericRecipeCategoryMixin
[19Dec2024 22:14:41.300] [main/WARN] [mixin/]: Error loading class: com/legacy/blue_skies/blocks/natural/BrewberryBushBlock (java.lang.ClassNotFoundException: com.legacy.blue_skies.blocks.natural.BrewberryBushBlock)
[19Dec2024 22:14:41.300] [main/WARN] [mixin/]: @Mixin target com.legacy.blue_skies.blocks.natural.BrewberryBushBlock was not found minecolonies_compatibility.mixin.common.json:blue_skies.BrewberryBushBlockAccessor
[19Dec2024 22:14:41.301] [main/WARN] [mixin/]: Error loading class: com/cobblemon/mod/common/block/BerryBlock (java.lang.ClassNotFoundException: com.cobblemon.mod.common.block.BerryBlock)
[19Dec2024 22:14:41.301] [main/WARN] [mixin/]: @Mixin target com.cobblemon.mod.common.block.BerryBlock was not found minecolonies_compatibility.mixin.common.json:cobblemon.BerryBlockAccessor
[19Dec2024 22:14:41.302] [main/WARN] [mixin/]: Error loading class: com/lothrazar/cyclic/block/apple/AppleCropBlock (java.lang.ClassNotFoundException: com.lothrazar.cyclic.block.apple.AppleCropBlock)
[19Dec2024 22:14:41.302] [main/WARN] [mixin/]: @Mixin target com.lothrazar.cyclic.block.apple.AppleCropBlock was not found minecolonies_compatibility.mixin.common.json:cyclic.AppleCropBlockAccessor
[19Dec2024 22:14:41.303] [main/WARN] [mixin/]: Error loading class: com/mrbysco/oreberriesreplanted/block/OreBerryBushBlock (java.lang.ClassNotFoundException: com.mrbysco.oreberriesreplanted.block.OreBerryBushBlock)
[19Dec2024 22:14:41.303] [main/WARN] [mixin/]: @Mixin target com.mrbysco.oreberriesreplanted.block.OreBerryBushBlock was not found minecolonies_compatibility.mixin.common.json:oreberries.OreBerryBushBlockAccessor
[19Dec2024 22:14:41.305] [main/WARN] [mixin/]: Error loading class: com/lothrazar/storagenetwork/block/main/NetworkModule (java.lang.ClassNotFoundException: com.lothrazar.storagenetwork.block.main.NetworkModule)
[19Dec2024 22:14:41.305] [main/WARN] [mixin/]: @Mixin target com.lothrazar.storagenetwork.block.main.NetworkModule was not found minecolonies_compatibility.mixin.common.json:storagenetwork.NetworkModuleAccessor
[19Dec2024 22:14:41.306] [main/WARN] [mixin/]: Error loading class: com/lothrazar/storagenetwork/util/UtilConnections (java.lang.ClassNotFoundException: com.lothrazar.storagenetwork.util.UtilConnections)
[19Dec2024 22:14:41.306] [main/WARN] [mixin/]: @Mixin target com.lothrazar.storagenetwork.util.UtilConnections was not found minecolonies_compatibility.mixin.common.json:storagenetwork.UtilConnectionsMixin
[19Dec2024 22:14:41.307] [main/WARN] [mixin/]: Error loading class: cofh/lib/common/block/CropBlockCoFH (java.lang.ClassNotFoundException: cofh.lib.common.block.CropBlockCoFH)
[19Dec2024 22:14:41.307] [main/WARN] [mixin/]: @Mixin target cofh.lib.common.block.CropBlockCoFH was not found minecolonies_compatibility.mixin.common.json:thermal.CropBlockCoFHAccessor
[19Dec2024 22:14:41.366] [main/WARN] [mixin/]: Error loading class: net/minecraft/client/gui/screens/inventory/SmithingScreen (java.lang.ClassNotFoundException: net.minecraft.client.gui.screens.inventory.SmithingScreen)
[19Dec2024 22:14:41.366] [main/WARN] [mixin/]: @Mixin target net.minecraft.client.gui.screens.inventory.SmithingScreen was not found bettersmithingtable.mixins.json:SmithingScreenMixin
[19Dec2024 22:14:41.370] [main/WARN] [mixin/]: Error loading class: net/minecraft/client/gui/components/ChatComponent (java.lang.ClassNotFoundException: net.minecraft.client.gui.components.ChatComponent)
[19Dec2024 22:14:41.370] [main/WARN] [mixin/]: @Mixin target net.minecraft.client.gui.components.ChatComponent was not found placebo.mixins.json:ChatComponentMixin
[19Dec2024 22:14:41.500] [main/WARN] [mixin/]: Error loading class: dev/shadowsoffire/apotheosis/ench/table/ApothEnchantmentMenu (java.lang.ClassNotFoundException: dev.shadowsoffire.apotheosis.ench.table.ApothEnchantmentMenu)
[19Dec2024 22:14:41.501] [main/WARN] [mixin/]: @Mixin target dev.shadowsoffire.apotheosis.ench.table.ApothEnchantmentMenu was not found origins_classes.mixins.json:common.apotheosis.ApotheosisEnchantmentMenuMixin
[19Dec2024 22:14:41.505] [main/WARN] [mixin/]: Error loading class: se/mickelus/tetra/blocks/workbench/WorkbenchTile (java.lang.ClassNotFoundException: se.mickelus.tetra.blocks.workbench.WorkbenchTile)
[19Dec2024 22:14:41.506] [main/WARN] [mixin/]: @Mixin target se.mickelus.tetra.blocks.workbench.WorkbenchTile was not found origins_classes.mixins.json:common.tetra.WorkbenchTileMixin
[19Dec2024 22:14:41.541] [main/WARN] [mixin/]: Error loading class: net/minecraft/client/renderer/entity/PhantomRenderer (java.lang.ClassNotFoundException: net.minecraft.client.renderer.entity.PhantomRenderer)
[19Dec2024 22:14:41.541] [main/WARN] [mixin/]: @Mixin target net.minecraft.client.renderer.entity.PhantomRenderer was not found mixins.deeperdarker.json:PhantomRendererMixin
[19Dec2024 22:14:41.598] [main/WARN] [mixin/]: Error loading class: fuzs/easymagic/world/inventory/ModEnchantmentMenu (java.lang.ClassNotFoundException: fuzs.easymagic.world.inventory.ModEnchantmentMenu)
[19Dec2024 22:14:41.598] [main/WARN] [mixin/]: @Mixin target fuzs.easymagic.world.inventory.ModEnchantmentMenu was not found skilltree.mixins.json:easymagic/MixinModEnchantmentMenu
[19Dec2024 22:14:41.618] [main/WARN] [mixin/]: Error loading class: dan200/computercraft/shared/integration/MoreRedIntegration (java.lang.ClassNotFoundException: dan200.computercraft.shared.integration.MoreRedIntegration)
[19Dec2024 22:14:41.619] [main/WARN] [mixin/]: @Mixin target dan200.computercraft.shared.integration.MoreRedIntegration was not found create_central_kitchen.mixins.json:common.computercraft.MoreRedIntegrationMixin
[19Dec2024 22:14:41.644] [main/WARN] [mixin/]: Error loading class: com/sammy/minersdelight/content/block/copper_pot/CopperPotBlockEntity (java.lang.ClassNotFoundException: com.sammy.minersdelight.content.block.copper_pot.CopperPotBlockEntity)
[19Dec2024 22:14:41.644] [main/WARN] [mixin/]: @Mixin target com.sammy.minersdelight.content.block.copper_pot.CopperPotBlockEntity was not found create_central_kitchen.mixins.json:common.minersdelight.CopperPotBlockEntityMixin
[19Dec2024 22:14:41.645] [main/WARN] [mixin/]: Error loading class: com/sammy/minersdelight/content/block/sticky_basket/StickyBasketBlockEntity (java.lang.ClassNotFoundException: com.sammy.minersdelight.content.block.sticky_basket.StickyBasketBlockEntity)
[19Dec2024 22:14:41.645] [main/WARN] [mixin/]: @Mixin target com.sammy.minersdelight.content.block.sticky_basket.StickyBasketBlockEntity was not found create_central_kitchen.mixins.json:common.minersdelight.StickyBasketBlockEntityAccessor
[19Dec2024 22:14:41.646] [main/WARN] [mixin/]: Error loading class: com/sammy/minersdelight/content/block/sticky_basket/StickyBasketBlockEntity (java.lang.ClassNotFoundException: com.sammy.minersdelight.content.block.sticky_basket.StickyBasketBlockEntity)
[19Dec2024 22:14:41.646] [main/WARN] [mixin/]: @Mixin target com.sammy.minersdelight.content.block.sticky_basket.StickyBasketBlockEntity was not found create_central_kitchen.mixins.json:common.minersdelight.StickyBasketBlockEntityMixin
[19Dec2024 22:14:41.647] [main/WARN] [mixin/]: Error loading class: net/orcinus/overweightfarming/blocks/CropFullBlock (java.lang.ClassNotFoundException: net.orcinus.overweightfarming.blocks.CropFullBlock)
[19Dec2024 22:14:41.647] [main/WARN] [mixin/]: @Mixin target net.orcinus.overweightfarming.blocks.CropFullBlock was not found create_central_kitchen.mixins.json:common.overweightfarming.CropFullBlockMixin
[19Dec2024 22:14:41.824] [main/INFO] [MixinExtras|Service/]: Initializing MixinExtras via com.llamalad7.mixinextras.service.MixinExtrasServiceImpl(version=0.3.6).
[19Dec2024 22:14:42.044] [main/WARN] [mixin/]: Static binding violation: PRIVATE @Overwrite method m_216202_ in modernfix-forge.mixins.json:perf.tag_id_caching.TagOrElementLocationMixin cannot reduce visibiliy of PUBLIC target method, visibility will be upgraded.
[19Dec2024 22:14:42.088] [main/WARN] [net.minecraft.server.Eula/]: Failed to load eula.txt
[19Dec2024 22:14:42.094] [main/INFO] [net.minecraft.server.Main/]: You need to agree to the EULA in order to run the server. Go to eula.txt for more info.
